<?xml version="1.0" encoding="UTF-8"?>
<!-- Generated by org.testng.reporters.JUnitXMLReporter -->
<testsuite ignored="4" hostname="VinayPavan" failures="0" tests="9" name="OranegHRMTest" time="49.341" errors="0" timestamp="2026-01-19T11:54:48 IST">
  <testcase classname="com.orangehrm.tests.DummyClass" name="dummyTest" time="0.027">
    <skipped/>
  </testcase> <!-- dummyTest -->
  <testcase classname="com.orangehrm.tests.DummyClass2" name="dummyTest" time="0.029"/>
  <testcase classname="com.orangehrm.tests.LoginPageTest" name="verifyInvalidLogintest" time="6.093"/>
  <testcase classname="com.orangehrm.tests.HomePageTest" name="verifyOrangeHRMLogo" time="9.883"/>
  <testcase classname="com.orangehrm.tests.DBVerificationTest" name="verifyEmployeeNameFromDB" time="18.144"/>
  <testcase classname="com.orangehrm.tests.HomePageTest" name="verifyOrangeHRMLogo" time="6.057"/>
  <testcase classname="com.orangehrm.tests.LoginPageTest" name="verifyValidLoginTest" time="13.687"/>
  <testcase classname="com.orangehrm.tests.ApiTest" name="verifyGetUserAPI" time="26.72"/>
  <testcase classname="com.orangehrm.tests.LoginPageTest" name="verifyValidLoginTest" time="10.473"/>
  <testcase classname="com.orangehrm.base.BaseClass" name="@BeforeSuite loadConfig" time="0.0">
    <ignored/>
  </testcase> <!-- @BeforeSuite loadConfig -->
  <testcase classname="com.orangehrm.base.BaseClass" name="@BeforeSuite loadConfig" time="0.0">
    <ignored/>
  </testcase> <!-- @BeforeSuite loadConfig -->
  <testcase classname="com.orangehrm.base.BaseClass" name="@BeforeSuite loadConfig" time="0.0">
    <ignored/>
  </testcase> <!-- @BeforeSuite loadConfig -->
  <testcase classname="com.orangehrm.base.BaseClass" name="@BeforeSuite loadConfig" time="0.0">
    <ignored/>
  </testcase> <!-- @BeforeSuite loadConfig -->
</testsuite> <!-- OranegHRMTest -->
