<html>
<head>
<title>TestNG:  OranegHRMTest</title>
<link href="../testng.css" rel="stylesheet" type="text/css" />
<link href="../my-testng.css" rel="stylesheet" type="text/css" />

<style type="text/css">
.log { display: none;} 
.stack-trace { display: none;} 
</style>
<script type="text/javascript">
<!--
function flip(e) {
  current = e.style.display;
  if (current == 'block') {
    e.style.display = 'none';
    return 0;
  }
  else {
    e.style.display = 'block';
    return 1;
  }
}

function toggleBox(szDivId, elem, msg1, msg2)
{
  var res = -1;  if (document.getElementById) {
    res = flip(document.getElementById(szDivId));
  }
  else if (document.all) {
    // this is the way old msie versions work
    res = flip(document.all[szDivId]);
  }
  if(elem) {
    if(res == 0) elem.innerHTML = msg1; else elem.innerHTML = msg2;
  }

}

function toggleAllBoxes() {
  if (document.getElementsByTagName) {
    d = document.getElementsByTagName('div');
    for (i = 0; i < d.length; i++) {
      if (d[i].className == 'log') {
        flip(d[i]);
      }
    }
  }
}

// -->
</script>

</head>
<body>
<h2 align='center'>OranegHRMTest</h2><table border='1' align="center">
<tr>
<td>Tests passed/Failed/Skipped:</td><td>8/0/1</td>
</tr><tr>
<td>Started on:</td><td>Mon Jan 19 11:53:58 IST 2026</td>
</tr>
<tr><td>Total time:</td><td>49 seconds (49341 ms)</td>
</tr><tr>
<td>Included groups:</td><td></td>
</tr><tr>
<td>Excluded groups:</td><td></td>
</tr>
</table><p/>
<small><i>(Hover the method name to see the test class name)</i></small><p/>
<table width='100%' border='1' class='invocation-passed'>
<tr><td colspan='4' align='center'><b>PASSED TESTS</b></td></tr>
<tr><td><b>Test method</b></td>
<td><b>Attribute(s)</b></td>
<td width="30%"><b>Exception</b></td>
<td width="10%"><b>Time (seconds)</b></td>
<td><b>Instance</b></td>
</tr>
<tr>
<td title='com.orangehrm.tests.DummyClass2.dummyTest()'><b>dummyTest</b><br>Test class: com.orangehrm.tests.DummyClass2</td>
<td></td>
<td>0</td>
<td>com.orangehrm.tests.DummyClass2@5be46f9d</td></tr>
<tr>
<td title='com.orangehrm.tests.HomePageTest.verifyOrangeHRMLogo()'><b>verifyOrangeHRMLogo</b><br>Test class: com.orangehrm.tests.HomePageTest<br>Parameters: arpavan, Stalin@2000</td>
<td></td>
<td>9</td>
<td>com.orangehrm.tests.HomePageTest@26ceffa8</td></tr>
<tr>
<td title='com.orangehrm.tests.ApiTest.verifyGetUserAPI()'><b>verifyGetUserAPI</b><br>Test class: com.orangehrm.tests.ApiTest</td>
<td></td>
<td>26</td>
<td>com.orangehrm.tests.ApiTest@7c8c9a05</td></tr>
<tr>
<td title='com.orangehrm.tests.LoginPageTest.verifyValidLoginTest()'><b>verifyValidLoginTest</b><br>Test class: com.orangehrm.tests.LoginPageTest<br>Parameters: arpavan, Stalin@2000</td>
<td></td>
<td>13</td>
<td>com.orangehrm.tests.LoginPageTest@3f91b517</td></tr>
<tr>
<td title='com.orangehrm.tests.LoginPageTest.verifyInvalidLogintest()'><b>verifyInvalidLogintest</b><br>Test class: com.orangehrm.tests.LoginPageTest<br>Parameters: arpavani, wrongpass</td>
<td></td>
<td>6</td>
<td>com.orangehrm.tests.LoginPageTest@3f91b517</td></tr>
<tr>
<td title='com.orangehrm.tests.DBVerificationTest.verifyEmployeeNameFromDB()'><b>verifyEmployeeNameFromDB</b><br>Test class: com.orangehrm.tests.DBVerificationTest<br>Parameters: 2, Rahul</td>
<td></td>
<td>18</td>
<td>com.orangehrm.tests.DBVerificationTest@600b90df</td></tr>
<tr>
<td title='com.orangehrm.tests.HomePageTest.verifyOrangeHRMLogo()'><b>verifyOrangeHRMLogo</b><br>Test class: com.orangehrm.tests.HomePageTest<br>Parameters: arpavan, Stalin@2000</td>
<td></td>
<td>6</td>
<td>com.orangehrm.tests.HomePageTest@26ceffa8</td></tr>
<tr>
<td title='com.orangehrm.tests.LoginPageTest.verifyValidLoginTest()'><b>verifyValidLoginTest</b><br>Test class: com.orangehrm.tests.LoginPageTest<br>Parameters: arpavan, Stalin@2000</td>
<td></td>
<td>10</td>
<td>com.orangehrm.tests.LoginPageTest@3f91b517</td></tr>
</table><p>
<table width='100%' border='1' class='invocation-skipped'>
<tr><td colspan='4' align='center'><b>SKIPPED TESTS</b></td></tr>
<tr><td><b>Test method</b></td>
<td><b>Attribute(s)</b></td>
<td width="30%"><b>Exception</b></td>
<td width="10%"><b>Time (seconds)</b></td>
<td><b>Instance</b></td>
</tr>
<tr>
<td title='com.orangehrm.tests.DummyClass.dummyTest()'><b>dummyTest</b><br>Test class: com.orangehrm.tests.DummyClass</td>
<td><div><pre>org.testng.SkipException: Skipping the test as part of testing
	at com.orangehrm.tests.DummyClass.dummyTest(DummyClass.java:21)
	at java.base/java.util.concurrent.Executors$RunnableAdapter.call(Executors.java:572)
	at java.base/java.util.concurrent.FutureTask.run(FutureTask.java:317)
	at java.base/java.util.concurrent.ThreadPoolExecutor.runWorker(ThreadPoolExecutor.java:1144)
	at java.base/java.util.concurrent.ThreadPoolExecutor$Worker.run(ThreadPoolExecutor.java:642)
	at java.base/java.lang.Thread.run(Thread.java:1583)
... Removed 11 stack frames</pre></div><a href='#' onClick='toggleBox("stack-trace1115350748", this, "Click to show all stack frames", "Click to hide stack frames")'>Click to show all stack frames</a>
<div class='stack-trace' id='stack-trace1115350748'><pre>org.testng.SkipException: Skipping the test as part of testing
	at com.orangehrm.tests.DummyClass.dummyTest(DummyClass.java:21)
	at java.base/jdk.internal.reflect.DirectMethodHandleAccessor.invoke(DirectMethodHandleAccessor.java:103)
	at java.base/java.lang.reflect.Method.invoke(Method.java:580)
	at org.testng.internal.invokers.MethodInvocationHelper.invokeMethod(MethodInvocationHelper.java:141)
	at org.testng.internal.invokers.TestInvoker.invokeMethod(TestInvoker.java:687)
	at org.testng.internal.invokers.TestInvoker.invokeTestMethod(TestInvoker.java:230)
	at org.testng.internal.invokers.MethodRunner.runInSequence(MethodRunner.java:63)
	at org.testng.internal.invokers.TestInvoker$MethodInvocationAgent.invoke(TestInvoker.java:995)
	at org.testng.internal.invokers.TestInvoker.invokeTestMethods(TestInvoker.java:203)
	at org.testng.internal.invokers.TestMethodWorker.invokeTestMethods(TestMethodWorker.java:154)
	at org.testng.internal.invokers.TestMethodWorker.run(TestMethodWorker.java:134)
	at java.base/java.util.concurrent.Executors$RunnableAdapter.call(Executors.java:572)
	at java.base/java.util.concurrent.FutureTask.run(FutureTask.java:317)
	at org.testng.internal.thread.graph.TestNGFutureTask.run(TestNGFutureTask.java:22)
	at java.base/java.util.concurrent.ThreadPoolExecutor.runWorker(ThreadPoolExecutor.java:1144)
	at java.base/java.util.concurrent.ThreadPoolExecutor$Worker.run(ThreadPoolExecutor.java:642)
	at java.base/java.lang.Thread.run(Thread.java:1583)
</pre></div></td>
<td>0</td>
<td>com.orangehrm.tests.DummyClass@3e6104fc</td></tr>
</table><p>
</body>
</html>