<?xml version="1.0" encoding="UTF-8"?>
<!-- Generated by org.testng.reporters.JUnitXMLReporter -->
<testsuite ignored="1" hostname="VinayPavan" failures="0" tests="2" name="OrangeHRMTest_edge" time="10.786" errors="0" timestamp="2026-01-21T11:06:03 IST">
  <testcase classname="com.orangehrm.tests.DummyClass" name="dummyTest" time="0.013">
    <skipped/>
  </testcase> <!-- dummyTest -->
  <testcase classname="com.orangehrm.tests.DummyClass2" name="dummyTest" time="0.012"/>
  <testcase classname="com.orangehrm.base.BaseClass" name="@BeforeSuite loadConfig" time="0.0">
    <ignored/>
  </testcase> <!-- @BeforeSuite loadConfig -->
</testsuite> <!-- OrangeHRMTest_edge -->
