<?xml version="1.0" encoding="UTF-8"?>
<!-- Generated by org.testng.reporters.JUnitXMLReporter -->
<testsuite ignored="3" hostname="VinayPavan" failures="0" tests="5" name="OranegHRMTest1" time="70.033" errors="0" timestamp="2026-01-05T11:25:46 IST">
  <testcase classname="com.orangehrm.tests.DummyClass" name="dummyTest" time="0.02"/>
  <testcase classname="com.orangehrm.tests.DummyClass2" name="dummyTest" time="0.016"/>
  <testcase classname="com.orangehrm.tests.LoginPageTest" name="verifyInvalidLogintest" time="3.636"/>
  <testcase classname="com.orangehrm.tests.LoginPageTest" name="verifyValidLoginTest" time="15.645"/>
  <testcase classname="com.orangehrm.tests.HomePageTest" name="verifyOrangeHRMLogo" time="4.284"/>
  <testcase classname="com.orangehrm.base.BaseClass" name="@BeforeSuite loadConfig" time="0.0">
    <ignored/>
  </testcase> <!-- @BeforeSuite loadConfig -->
  <testcase classname="com.orangehrm.base.BaseClass" name="@BeforeSuite loadConfig" time="0.0">
    <ignored/>
  </testcase> <!-- @BeforeSuite loadConfig -->
  <testcase classname="com.orangehrm.base.BaseClass" name="@BeforeSuite loadConfig" time="0.0">
    <ignored/>
  </testcase> <!-- @BeforeSuite loadConfig -->
</testsuite> <!-- OranegHRMTest1 -->
