<?xml version="1.0" encoding="UTF-8"?>
<!-- Generated by org.testng.reporters.JUnitXMLReporter -->
<testsuite ignored="2" hostname="VinayPavan" failures="2" tests="10" name="OrangeHRMTest_firefox" time="133.989" errors="0" timestamp="2026-01-21T11:08:06 IST">
  <testcase classname="com.orangehrm.tests.DBVerificationTest" name="verifyEmployeeNameFromDB" time="11.042">
    <skipped/>
  </testcase> <!-- verifyEmployeeNameFromDB -->
  <testcase classname="com.orangehrm.tests.DBVerificationTest" name="verifyEmployeeNameFromDB" time="10.073">
    <skipped/>
  </testcase> <!-- verifyEmployeeNameFromDB -->
  <testcase classname="com.orangehrm.tests.DBVerificationTest" name="verifyEmployeeNameFromDB" time="10.471">
    <failure type="java.lang.AssertionError" message="The following asserts failed:
	First and Middle name are not matching expected [true] but found [false],
	expected [true] but found [false],
	First and Middle name are not matching expected [true] but found [false],
	expected [true] but found [false],
	First and Middle name are not matching expected [true] but found [false],
	expected [true] but found [false]">
      <![CDATA[java.lang.AssertionError: The following asserts failed:
First and Middle name are not matching expected [true] but found [false],
expected [true] but found [false],
First and Middle name are not matching expected [true] but found [false],
expected [true] but found [false],
First and Middle name are not matching expected [true] but found [false],
expected [true] but found [false]
at com.orangehrm.tests.DBVerificationTest.verifyEmployeeNameFromDB(DBVerificationTest.java:58)
at java.base/java.util.ArrayList.forEach(ArrayList.java:1596)
at java.base/java.util.concurrent.FutureTask.run(FutureTask.java:317)
at java.base/java.util.concurrent.ThreadPoolExecutor.runWorker(ThreadPoolExecutor.java:1144)
at java.base/java.util.concurrent.ThreadPoolExecutor$Worker.run(ThreadPoolExecutor.java:642)
at java.base/java.lang.Thread.run(Thread.java:1583)
... Removed 17 stack frames]]>
    </failure>
  </testcase> <!-- verifyEmployeeNameFromDB -->
  <testcase classname="com.orangehrm.tests.LoginPageTest" name="verifyInvalidLogintest" time="2.487">
    <skipped/>
  </testcase> <!-- verifyInvalidLogintest -->
  <testcase classname="com.orangehrm.tests.LoginPageTest" name="verifyInvalidLogintest" time="2.414">
    <skipped/>
  </testcase> <!-- verifyInvalidLogintest -->
  <testcase classname="com.orangehrm.tests.LoginPageTest" name="verifyInvalidLogintest" time="2.7">
    <failure type="java.lang.AssertionError" message="Test failed :Invalid Error message expected [true] but found [false]">
      <![CDATA[java.lang.AssertionError: Test failed :Invalid Error message expected [true] but found [false]
at com.orangehrm.tests.LoginPageTest.verifyInvalidLogintest(LoginPageTest.java:44)
at java.base/java.util.ArrayList.forEach(ArrayList.java:1596)
at java.base/java.util.concurrent.FutureTask.run(FutureTask.java:317)
at java.base/java.util.concurrent.ThreadPoolExecutor.runWorker(ThreadPoolExecutor.java:1144)
at java.base/java.util.concurrent.ThreadPoolExecutor$Worker.run(ThreadPoolExecutor.java:642)
at java.base/java.lang.Thread.run(Thread.java:1583)
... Removed 18 stack frames]]>
    </failure>
  </testcase> <!-- verifyInvalidLogintest -->
  <testcase classname="com.orangehrm.tests.LoginPageTest" name="verifyValidLoginTest" time="10.288"/>
  <testcase classname="com.orangehrm.tests.LoginPageTest" name="verifyValidLoginTest" time="10.137"/>
  <testcase classname="com.orangehrm.tests.HomePageTest" name="verifyOrangeHRMLogo" time="4.157"/>
  <testcase classname="com.orangehrm.tests.HomePageTest" name="verifyOrangeHRMLogo" time="4.505"/>
  <testcase classname="com.orangehrm.base.BaseClass" name="@BeforeSuite loadConfig" time="0.0">
    <ignored/>
  </testcase> <!-- @BeforeSuite loadConfig -->
  <testcase classname="com.orangehrm.base.BaseClass" name="@BeforeSuite loadConfig" time="0.0">
    <ignored/>
  </testcase> <!-- @BeforeSuite loadConfig -->
</testsuite> <!-- OrangeHRMTest_firefox -->
