<?xml version="1.0" encoding="UTF-8"?>
<!-- Generated by org.testng.reporters.JUnitXMLReporter -->
<testsuite ignored="1" hostname="VinayPavan" failures="0" tests="2" name="OranegHRMTest2" time="21.881" errors="0" timestamp="2026-01-02T16:06:27 IST">
  <testcase classname="com.orangehrm.tests.DummyClass" name="dummyTest" time="0.004"/>
  <testcase classname="com.orangehrm.tests.DummyClass2" name="dummyTest" time="0.016"/>
  <testcase classname="com.orangehrm.base.BaseClass" name="@BeforeSuite loadConfig" time="0.0">
    <ignored/>
  </testcase> <!-- @BeforeSuite loadConfig -->
</testsuite> <!-- OranegHRMTest2 -->
