<?xml version="1.0" encoding="UTF-8"?>
<!-- Generated by org.testng.reporters.JUnitXMLReporter -->
<testsuite ignored="4" hostname="VinayPavan" failures="1" tests="11" name="OranegHRMTest" time="68.469" errors="0" timestamp="2026-01-19T11:34:55 IST">
  <testcase classname="com.orangehrm.tests.DummyClass" name="dummyTest" time="0.061">
    <skipped/>
  </testcase> <!-- dummyTest -->
  <testcase classname="com.orangehrm.tests.DummyClass2" name="dummyTest" time="0.058"/>
  <testcase classname="com.orangehrm.tests.LoginPageTest" name="verifyInvalidLogintest" time="6.242">
    <skipped/>
  </testcase> <!-- verifyInvalidLogintest -->
  <testcase classname="com.orangehrm.tests.HomePageTest" name="verifyOrangeHRMLogo" time="9.271"/>
  <testcase classname="com.orangehrm.tests.LoginPageTest" name="verifyInvalidLogintest" time="5.015">
    <skipped/>
  </testcase> <!-- verifyInvalidLogintest -->
  <testcase classname="com.orangehrm.tests.DBVerificationTest" name="verifyEmployeeNameFromDB" time="19.106"/>
  <testcase classname="com.orangehrm.tests.HomePageTest" name="verifyOrangeHRMLogo" time="7.031"/>
  <testcase classname="com.orangehrm.tests.LoginPageTest" name="verifyInvalidLogintest" time="3.82">
    <failure type="java.lang.AssertionError" message="Test failed :Invalid Error message expected [true] but found [false]">
      <![CDATA[java.lang.AssertionError: Test failed :Invalid Error message expected [true] but found [false]
at com.orangehrm.tests.LoginPageTest.verifyInvalidLogintest(LoginPageTest.java:44)
at java.base/java.util.concurrent.Executors$RunnableAdapter.call(Executors.java:572)
at java.base/java.util.concurrent.FutureTask.run(FutureTask.java:317)
at java.base/java.util.concurrent.ThreadPoolExecutor.runWorker(ThreadPoolExecutor.java:1144)
at java.base/java.util.concurrent.ThreadPoolExecutor$Worker.run(ThreadPoolExecutor.java:642)
at java.base/java.lang.Thread.run(Thread.java:1583)
... Removed 14 stack frames]]>
    </failure>
  </testcase> <!-- verifyInvalidLogintest -->
  <testcase classname="com.orangehrm.tests.ApiTest" name="verifyGetUserAPI" time="28.176"/>
  <testcase classname="com.orangehrm.tests.LoginPageTest" name="verifyValidLoginTest" time="11.003"/>
  <testcase classname="com.orangehrm.tests.LoginPageTest" name="verifyValidLoginTest" time="10.583"/>
  <testcase classname="com.orangehrm.base.BaseClass" name="@BeforeSuite loadConfig" time="0.0">
    <ignored/>
  </testcase> <!-- @BeforeSuite loadConfig -->
  <testcase classname="com.orangehrm.base.BaseClass" name="@BeforeSuite loadConfig" time="0.0">
    <ignored/>
  </testcase> <!-- @BeforeSuite loadConfig -->
  <testcase classname="com.orangehrm.base.BaseClass" name="@BeforeSuite loadConfig" time="0.0">
    <ignored/>
  </testcase> <!-- @BeforeSuite loadConfig -->
  <testcase classname="com.orangehrm.base.BaseClass" name="@BeforeSuite loadConfig" time="0.0">
    <ignored/>
  </testcase> <!-- @BeforeSuite loadConfig -->
</testsuite> <!-- OranegHRMTest -->
