<?xml version="1.0" encoding="UTF-8"?>
<testsuite xmlns:xsi="http://www.w3.org/2001/XMLSchema-instance" xsi:noNamespaceSchemaLocation="https://maven.apache.org/surefire/maven-surefire-plugin/xsd/surefire-test-report.xsd" version="3.0.1" name="TestSuite" time="50.475" tests="9" errors="0" skipped="1" failures="0">
  <properties>
[...]
</properties>
  <testcase name="dummyTest" classname="com.orangehrm.tests.DummyClass" time="0.0">
    <skipped message="Skipping the test as part of testing"/>
    <system-out><![CDATA[2026-01-19 11:53:58 [main] INFO  BaseClass - config.properties file loaded
Setting up WebDriver for:DummyClass
Setting up WebDriver for:DummyClass2
Setting up WebDriver for:LoginPageTest
Setting up WebDriver for:HomePageTest
Setting up WebDriver for:DBVerificationTest
2026-01-19 11:54:00 [TestNG-test-OranegHRMTest-1] INFO  BaseClass - ChromeDriver instance is created
2026-01-19 11:54:01 [TestNG-test-OranegHRMTest-2] INFO  BaseClass - ChromeDriver instance is created
2026-01-19 11:54:02 [TestNG-test-OranegHRMTest-3] INFO  BaseClass - ChromeDriver instance is created
2026-01-19 11:54:03 [TestNG-test-OranegHRMTest-4] INFO  BaseClass - ChromeDriver instance is created
2026-01-19 11:54:03 [TestNG-test-OranegHRMTest-5] INFO  BaseClass - ChromeDriver instance is created
2026-01-19 11:54:05 [TestNG-test-OranegHRMTest-3] INFO  BaseClass - WedDriver initiliazed and Browser maximized
2026-01-19 11:54:05 [TestNG-test-OranegHRMTest-3] ERROR BaseClass - errror message
2026-01-19 11:54:05 [TestNG-test-OranegHRMTest-3] FATAL BaseClass - fatal message
2026-01-19 11:54:05 [TestNG-test-OranegHRMTest-3] WARN  BaseClass - warn message
2026-01-19 11:54:05 [TestNG-test-OranegHRMTest-3] INFO  BaseClass - WebDriver instance is created
2026-01-19 11:54:05 [TestNG-test-OranegHRMTest-3] INFO  BaseClass - Action Driver is initialized for thread : 42
2026-01-19 11:54:05 [TestNG-test-OranegHRMTest-1] INFO  BaseClass - WedDriver initiliazed and Browser maximized
2026-01-19 11:54:05 [TestNG-test-OranegHRMTest-1] ERROR BaseClass - errror message
2026-01-19 11:54:05 [TestNG-test-OranegHRMTest-1] FATAL BaseClass - fatal message
2026-01-19 11:54:05 [TestNG-test-OranegHRMTest-1] WARN  BaseClass - warn message
2026-01-19 11:54:05 [TestNG-test-OranegHRMTest-1] INFO  BaseClass - WebDriver instance is created
2026-01-19 11:54:05 [TestNG-test-OranegHRMTest-1] INFO  BaseClass - Action Driver is initialized for thread : 40
Test Passed - Title is Mathcing
]]></system-out>
    <system-err><![CDATA[SLF4J(W): No SLF4J providers were found.
SLF4J(W): Defaulting to no-operation (NOP) logger implementation
SLF4J(W): See https://www.slf4j.org/codes.html#noProviders for further details.
]]></system-err>
  </testcase>
  <testcase name="dummyTest" classname="com.orangehrm.tests.DummyClass2" time="0.376">
    <system-out><![CDATA[2026-01-19 11:54:05 [TestNG-test-OranegHRMTest-2] INFO  BaseClass - WedDriver initiliazed and Browser maximized
2026-01-19 11:54:05 [TestNG-test-OranegHRMTest-2] ERROR BaseClass - errror message
2026-01-19 11:54:05 [TestNG-test-OranegHRMTest-2] FATAL BaseClass - fatal message
2026-01-19 11:54:05 [TestNG-test-OranegHRMTest-2] WARN  BaseClass - warn message
2026-01-19 11:54:05 [TestNG-test-OranegHRMTest-2] INFO  BaseClass - WebDriver instance is created
2026-01-19 11:54:05 [TestNG-test-OranegHRMTest-2] INFO  BaseClass - Action Driver is initialized for thread : 41
Test Passed - Title is Mathcing
2026-01-19 11:54:05 [TestNG-test-OranegHRMTest-3] INFO  BaseClass - Applied the border with color green to element Element with name : username
]]></system-out>
  </testcase>
  <testcase name="verifyInvalidLogintest[arpavani, wrongpass](1)" classname="com.orangehrm.tests.LoginPageTest" time="4.306">
    <system-out><![CDATA[2026-01-19 11:54:06 [TestNG-test-OranegHRMTest-1] INFO  BaseClass - WebDriver instance is closed
2026-01-19 11:54:06 [TestNG-test-OranegHRMTest-4] INFO  BaseClass - WedDriver initiliazed and Browser maximized
2026-01-19 11:54:06 [TestNG-test-OranegHRMTest-4] ERROR BaseClass - errror message
2026-01-19 11:54:06 [TestNG-test-OranegHRMTest-4] FATAL BaseClass - fatal message
2026-01-19 11:54:06 [TestNG-test-OranegHRMTest-4] WARN  BaseClass - warn message
2026-01-19 11:54:06 [TestNG-test-OranegHRMTest-4] INFO  BaseClass - WebDriver instance is created
2026-01-19 11:54:06 [TestNG-test-OranegHRMTest-4] INFO  BaseClass - Action Driver is initialized for thread : 43
2026-01-19 11:54:06 [TestNG-test-OranegHRMTest-3] INFO  BaseClass - Entered text : Element with name : username arpavani
2026-01-19 11:54:06 [TestNG-test-OranegHRMTest-4] INFO  BaseClass - Applied the border with color green to element Element with name : username
2026-01-19 11:54:06 [TestNG-test-OranegHRMTest-3] INFO  BaseClass - Applied the border with color green to element Element with name : password
2026-01-19 11:54:07 [TestNG-test-OranegHRMTest-4] INFO  BaseClass - Entered text : Element with name : username arpavan
2026-01-19 11:54:07 [TestNG-test-OranegHRMTest-3] INFO  BaseClass - Entered text : Element with name : password wrongpass
2026-01-19 11:54:07 [TestNG-test-OranegHRMTest-2] INFO  BaseClass - WebDriver instance is closed
2026-01-19 11:54:07 [TestNG-test-OranegHRMTest-4] INFO  BaseClass - Applied the border with color green to element Element with name : password
2026-01-19 11:54:07 [TestNG-test-OranegHRMTest-5] INFO  BaseClass - WedDriver initiliazed and Browser maximized
2026-01-19 11:54:07 [TestNG-test-OranegHRMTest-5] ERROR BaseClass - errror message
2026-01-19 11:54:07 [TestNG-test-OranegHRMTest-5] FATAL BaseClass - fatal message
2026-01-19 11:54:07 [TestNG-test-OranegHRMTest-5] WARN  BaseClass - warn message
2026-01-19 11:54:07 [TestNG-test-OranegHRMTest-5] INFO  BaseClass - WebDriver instance is created
2026-01-19 11:54:07 [TestNG-test-OranegHRMTest-5] INFO  BaseClass - Action Driver is initialized for thread : 44
2026-01-19 11:54:07 [TestNG-test-OranegHRMTest-3] INFO  BaseClass - Applied the border with color green to element Element with id : Login
2026-01-19 11:54:07 [TestNG-test-OranegHRMTest-5] INFO  BaseClass - Applied the border with color green to element Element with name : username
2026-01-19 11:54:08 [TestNG-test-OranegHRMTest-3] INFO  BaseClass - clicked an element -->Element with id : Login
2026-01-19 11:54:08 [TestNG-test-OranegHRMTest-4] INFO  BaseClass - Entered text : Element with name : password Stalin@2000
2026-01-19 11:54:08 [TestNG-test-OranegHRMTest-5] INFO  BaseClass - Entered text : Element with name : username arpavan
2026-01-19 11:54:08 [TestNG-test-OranegHRMTest-4] INFO  BaseClass - Applied the border with color green to element Element with id : Login
2026-01-19 11:54:08 [TestNG-test-OranegHRMTest-5] INFO  BaseClass - Applied the border with color green to element Element with name : password
2026-01-19 11:54:08 [TestNG-test-OranegHRMTest-4] INFO  BaseClass - clicked an element -->Element with id : Login
2026-01-19 11:54:08 [TestNG-test-OranegHRMTest-5] INFO  BaseClass - Entered text : Element with name : password Stalin@2000
2026-01-19 11:54:09 [TestNG-test-OranegHRMTest-5] INFO  BaseClass - Applied the border with color green to element Element with id : Login
2026-01-19 11:54:11 [TestNG-test-OranegHRMTest-3] INFO  BaseClass - Applied the border with color green to element Element with id : Invalid credentials
2026-01-19 11:54:11 [TestNG-test-OranegHRMTest-3] INFO  BaseClass - Text are matcing : Invalid credentials equals Invalid credentials
]]></system-out>
  </testcase>
  <testcase name="verifyValidLoginTest[arpavan, Stalin@2000](1)" classname="com.orangehrm.tests.LoginPageTest" time="10.332">
    <system-out><![CDATA[2026-01-19 11:54:28 [TestNG-test-OranegHRMTest-4] INFO  BaseClass - WebDriver instance is closed
2026-01-19 11:54:30 [TestNG-test-OranegHRMTest-3] INFO  BaseClass - clicked an element -->Element with id : Logout
]]></system-out>
  </testcase>
  <testcase name="verifyValidLoginTest[arpavan, Stalin@2000](2)" classname="com.orangehrm.tests.LoginPageTest" time="10.625">
    <system-out><![CDATA[2026-01-19 11:54:33 [TestNG-test-OranegHRMTest-3] INFO  BaseClass - ChromeDriver instance is created
2026-01-19 11:54:37 [TestNG-test-OranegHRMTest-3] INFO  BaseClass - WedDriver initiliazed and Browser maximized
2026-01-19 11:54:37 [TestNG-test-OranegHRMTest-3] ERROR BaseClass - errror message
2026-01-19 11:54:37 [TestNG-test-OranegHRMTest-3] FATAL BaseClass - fatal message
2026-01-19 11:54:37 [TestNG-test-OranegHRMTest-3] WARN  BaseClass - warn message
2026-01-19 11:54:37 [TestNG-test-OranegHRMTest-3] INFO  BaseClass - WebDriver instance is created
2026-01-19 11:54:37 [TestNG-test-OranegHRMTest-3] INFO  BaseClass - Action Driver is initialized for thread : 42
2026-01-19 11:54:37 [TestNG-test-OranegHRMTest-3] INFO  BaseClass - Applied the border with color green to element Element with name : username
2026-01-19 11:54:37 [TestNG-test-OranegHRMTest-3] INFO  BaseClass - Entered text : Element with name : username arpavan
2026-01-19 11:54:37 [TestNG-test-OranegHRMTest-3] INFO  BaseClass - Applied the border with color green to element Element with name : password
2026-01-19 11:54:37 [TestNG-test-OranegHRMTest-3] INFO  BaseClass - Entered text : Element with name : password Stalin@2000
2026-01-19 11:54:37 [TestNG-test-OranegHRMTest-3] INFO  BaseClass - Applied the border with color green to element Element with id : Login
2026-01-19 11:54:38 [TestNG-test-OranegHRMTest-3] INFO  BaseClass - clicked an element -->Element with id : Login
2026-01-19 11:54:41 [TestNG-test-OranegHRMTest-3] INFO  BaseClass - Applied the border with color green to element Element with id : Admin
2026-01-19 11:54:41 [TestNG-test-OranegHRMTest-3] INFO  BaseClass - Element is displayed : Element with id : Admin
2026-01-19 11:54:42 [TestNG-test-OranegHRMTest-3] INFO  BaseClass - Applied the border with color green to element Element with id : Vinay Pavan
2026-01-19 11:54:42 [TestNG-test-OranegHRMTest-3] INFO  BaseClass - clicked an element -->Element with id : Vinay Pavan
2026-01-19 11:54:42 [TestNG-test-OranegHRMTest-3] INFO  BaseClass - Applied the border with color green to element Element with id : Logout
2026-01-19 11:54:45 [TestNG-test-OranegHRMTest-3] INFO  BaseClass - clicked an element -->Element with id : Logout
]]></system-out>
  </testcase>
  <testcase name="verifyOrangeHRMLogo[arpavan, Stalin@2000](1)" classname="com.orangehrm.tests.HomePageTest" time="9.012">
    <system-out><![CDATA[2026-01-19 11:54:12 [TestNG-test-OranegHRMTest-3] INFO  BaseClass - WebDriver instance is closed
Setting up WebDriver for:LoginPageTest
2026-01-19 11:54:12 [TestNG-test-OranegHRMTest-5] INFO  BaseClass - clicked an element -->Element with id : Login
2026-01-19 11:54:14 [TestNG-test-OranegHRMTest-4] INFO  BaseClass - Applied the border with color green to element unable to describe the element
2026-01-19 11:54:14 [TestNG-test-OranegHRMTest-5] INFO  BaseClass - Applied the border with color green to element Element with id : PIM
2026-01-19 11:54:14 [TestNG-test-OranegHRMTest-3] INFO  BaseClass - ChromeDriver instance is created
2026-01-19 11:54:15 [TestNG-test-OranegHRMTest-4] INFO  BaseClass - Element is displayed : unable to describe the element
]]></system-out>
  </testcase>
  <testcase name="verifyOrangeHRMLogo[arpavan, Stalin@2000](2)" classname="com.orangehrm.tests.HomePageTest" time="6.312">
    <system-out><![CDATA[2026-01-19 11:54:26 [TestNG-test-OranegHRMTest-3] INFO  BaseClass - Applied the border with color green to element Element with id : Vinay Pavan
2026-01-19 11:54:26 [TestNG-test-OranegHRMTest-5] INFO  BaseClass - WebDriver instance is closed
2026-01-19 11:54:27 [TestNG-test-OranegHRMTest-4] INFO  BaseClass - Applied the border with color green to element unable to describe the element
2026-01-19 11:54:27 [TestNG-test-OranegHRMTest-3] INFO  BaseClass - clicked an element -->Element with id : Vinay Pavan
2026-01-19 11:54:27 [TestNG-test-OranegHRMTest-4] INFO  BaseClass - Element is displayed : unable to describe the element
2026-01-19 11:54:27 [TestNG-test-OranegHRMTest-3] INFO  BaseClass - Applied the border with color green to element Element with id : Logout
]]></system-out>
  </testcase>
  <testcase name="verifyEmployeeNameFromDB[2, Rahul](1)" classname="com.orangehrm.tests.DBVerificationTest" time="4.171">
    <system-out><![CDATA[2026-01-19 11:54:17 [TestNG-test-OranegHRMTest-4] INFO  BaseClass - WebDriver instance is closed
Setting up WebDriver for:HomePageTest
2026-01-19 11:54:18 [TestNG-test-OranegHRMTest-3] INFO  BaseClass - WedDriver initiliazed and Browser maximized
2026-01-19 11:54:18 [TestNG-test-OranegHRMTest-3] ERROR BaseClass - errror message
2026-01-19 11:54:18 [TestNG-test-OranegHRMTest-3] FATAL BaseClass - fatal message
2026-01-19 11:54:18 [TestNG-test-OranegHRMTest-3] WARN  BaseClass - warn message
2026-01-19 11:54:18 [TestNG-test-OranegHRMTest-3] INFO  BaseClass - WebDriver instance is created
2026-01-19 11:54:18 [TestNG-test-OranegHRMTest-3] INFO  BaseClass - Action Driver is initialized for thread : 42
2026-01-19 11:54:19 [TestNG-test-OranegHRMTest-3] INFO  BaseClass - Applied the border with color green to element Element with name : username
2026-01-19 11:54:19 [TestNG-test-OranegHRMTest-4] INFO  BaseClass - ChromeDriver instance is created
2026-01-19 11:54:19 [TestNG-test-OranegHRMTest-3] INFO  BaseClass - Entered text : Element with name : username arpavan
2026-01-19 11:54:19 [TestNG-test-OranegHRMTest-3] INFO  BaseClass - Applied the border with color green to element Element with name : password
2026-01-19 11:54:20 [TestNG-test-OranegHRMTest-3] INFO  BaseClass - Entered text : Element with name : password Stalin@2000
2026-01-19 11:54:20 [TestNG-test-OranegHRMTest-5] INFO  BaseClass - clicked an element -->Element with id : PIM
2026-01-19 11:54:20 [TestNG-test-OranegHRMTest-3] INFO  BaseClass - Applied the border with color green to element Element with id : Login
2026-01-19 11:54:20 [TestNG-test-OranegHRMTest-3] INFO  BaseClass - clicked an element -->Element with id : Login
2026-01-19 11:54:21 [TestNG-test-OranegHRMTest-5] INFO  BaseClass - Applied the border with color green to element unable to describe the element
2026-01-19 11:54:22 [TestNG-test-OranegHRMTest-4] INFO  BaseClass - WedDriver initiliazed and Browser maximized
2026-01-19 11:54:22 [TestNG-test-OranegHRMTest-4] ERROR BaseClass - errror message
2026-01-19 11:54:22 [TestNG-test-OranegHRMTest-4] FATAL BaseClass - fatal message
2026-01-19 11:54:22 [TestNG-test-OranegHRMTest-4] WARN  BaseClass - warn message
2026-01-19 11:54:22 [TestNG-test-OranegHRMTest-4] INFO  BaseClass - WebDriver instance is created
2026-01-19 11:54:22 [TestNG-test-OranegHRMTest-4] INFO  BaseClass - Action Driver is initialized for thread : 43
2026-01-19 11:54:22 [TestNG-test-OranegHRMTest-5] INFO  BaseClass - Entered text : unable to describe the element Rahul
2026-01-19 11:54:22 [TestNG-test-OranegHRMTest-4] INFO  BaseClass - Applied the border with color green to element Element with name : username
2026-01-19 11:54:22 [TestNG-test-OranegHRMTest-5] INFO  BaseClass - Applied the border with color green to element Element with id : Search
2026-01-19 11:54:22 [TestNG-test-OranegHRMTest-4] INFO  BaseClass - Entered text : Element with name : username arpavan
2026-01-19 11:54:22 [TestNG-test-OranegHRMTest-5] INFO  BaseClass - clicked an element -->Element with id : Search
2026-01-19 11:54:22 [TestNG-test-OranegHRMTest-4] INFO  BaseClass - Applied the border with color green to element Element with name : password
2026-01-19 11:54:22 [TestNG-test-OranegHRMTest-5] INFO  BaseClass - Applied the border with color green to element Element with id : janardhan singh
2026-01-19 11:54:22 [TestNG-test-OranegHRMTest-4] INFO  BaseClass - Entered text : Element with name : password Stalin@2000
2026-01-19 11:54:22 [TestNG-test-OranegHRMTest-5] INFO  BaseClass - Applied the border with color green to element Element with id : janardhan singh
2026-01-19 11:54:22 [TestNG-test-OranegHRMTest-5] INFO  BaseClass - Element is displayed : Element with id : janardhan singh
2026-01-19 11:54:23 [TestNG-test-OranegHRMTest-4] INFO  BaseClass - Applied the border with color green to element Element with id : Login
2026-01-19 11:54:23 [TestNG-test-OranegHRMTest-4] INFO  BaseClass - clicked an element -->Element with id : Login
2026-01-19 11:54:23 [TestNG-test-OranegHRMTest-5] INFO  BaseClass - Starting DB Connectin....
2026-01-19 11:54:24 [TestNG-test-OranegHRMTest-5] INFO  BaseClass - DB Connection successful
2026-01-19 11:54:24 [TestNG-test-OranegHRMTest-5] INFO  BaseClass - Executing query : SELECT emp_firstname,emp_middle_name ,emp_lastname FROM `hs_hr_employee` WHERE employee_id=2
2026-01-19 11:54:24 [TestNG-test-OranegHRMTest-5] INFO  BaseClass - Query executed successfully
2026-01-19 11:54:24 [TestNG-test-OranegHRMTest-5] INFO  BaseClass - Employee Data fetched{firstName=Rahul, lastName=Sharma, middleName=}
2026-01-19 11:54:24 [TestNG-test-OranegHRMTest-5] INFO  BaseClass - Applied the border with color green to element Element with id : Rahul
2026-01-19 11:54:24 [TestNG-test-OranegHRMTest-5] INFO  BaseClass - Text are matcing : Rahul equals Rahul
2026-01-19 11:54:25 [TestNG-test-OranegHRMTest-3] INFO  BaseClass - Applied the border with color green to element Element with id : Admin
2026-01-19 11:54:25 [TestNG-test-OranegHRMTest-3] INFO  BaseClass - Element is displayed : Element with id : Admin
2026-01-19 11:54:25 [TestNG-test-OranegHRMTest-5] INFO  BaseClass - Applied the border with color green to element Element with id : Sharma
2026-01-19 11:54:25 [TestNG-test-OranegHRMTest-5] INFO  BaseClass - Text are matcing : Sharma equals Sharma
]]></system-out>
    <system-err><![CDATA[Jan 19, 2026 11:54:23 AM io.opentelemetry.api.GlobalOpenTelemetry maybeAutoConfigureAndSetGlobal
INFO: AutoConfiguredOpenTelemetrySdk found on classpath but automatic configuration is disabled. To enable, run your JVM with -Dotel.java.global-autoconfigure.enabled=true
]]></system-err>
  </testcase>
  <testcase name="verifyGetUserAPI" classname="com.orangehrm.tests.ApiTest" time="10.932">
    <system-out><![CDATA[2026-01-19 11:54:32 [TestNG-test-OranegHRMTest-3] INFO  BaseClass - WebDriver instance is closed
Setting up WebDriver for:LoginPageTest
]]></system-out>
  </testcase>
</testsuite>