<!DOCTYPE html PUBLIC "-//W3C//DTD XHTML 1.1//EN" "https://www.w3.org/TR/xhtml11/DTD/xhtml11.dtd">
<html xmlns="https://www.w3.org/1999/xhtml">
<head>
<meta http-equiv="content-type" content="text/html; charset=UTF-8"/>
<title>TestNG Report</title>
<style type="text/css">table {margin-bottom:10px;border-collapse:collapse;empty-cells:show}th,td {border:1px solid #009;padding:.25em .5em}th {vertical-align:bottom}td {vertical-align:top}table a {font-weight:bold}.stripe td {background-color: #E6EBF9}.num {text-align:right}.passedodd td {background-color: #3F3}.passedeven td {background-color: #0A0}.skippedodd td {background-color: #DDD}.skippedeven td {background-color: #CCC}.failedodd td,.attn {background-color: #F33}.failedeven td,.stripe .attn {background-color: #D00}.stacktrace {white-space:pre;font-family:monospace}.totop {font-size:85%;text-align:center;border-bottom:2px solid #000}.invisible {display:none}</style>
</head>
<body>
<table>
<tr><th>Test</th><th># Passed</th><th># Skipped</th><th># Retried</th><th># Failed</th><th>Time (ms)</th><th>Included Groups</th><th>Excluded Groups</th></tr>
<tr><th colspan="8">OrangeHRMSuite</th></tr>
<tr><td><a href="#t0">OrangeHRMTest_chrome</a></td><td class="num">1</td><td class="num">0</td><td class="num">0</td><td class="num">0</td><td class="num">3,678</td><td></td><td></td></tr>
<tr class="stripe"><td><a href="#t1">OrangeHRMTest_edge</a></td><td class="num">1</td><td class="num attn">1</td><td class="num">0</td><td class="num">0</td><td class="num">10,786</td><td></td><td></td></tr>
<tr><td><a href="#t2">OrangeHRMTest_firefox</a></td><td class="num">4</td><td class="num">0</td><td class="num attn">4</td><td class="num attn">2</td><td class="num">133,989</td><td></td><td></td></tr>
<tr><th>Total</th><th class="num">6</th><th class="num attn">1</th><th class="num attn">4</th><th class="num attn">2</th><th class="num">148,453</th><th colspan="2"></th></tr>
</table>
<table id='summary'><thead><tr><th>Class</th><th>Method</th><th>Start</th><th>Time (ms)</th></tr></thead><tbody><tr><th colspan="4">OrangeHRMSuite</th></tr></tbody><tbody id="t0"><tr><th colspan="4">OrangeHRMTest_chrome &#8212; passed</th></tr><tr class="passedeven"><td rowspan="1">com.orangehrm.tests.ApiTest</td><td><a href="#m0">verifyGetUserAPI</a></td><td rowspan="1">1768973752551</td><td rowspan="1">3414</td></tr></tbody>
<tbody id="t1"><tr><th colspan="4">OrangeHRMTest_edge &#8212; skipped</th></tr><tr class="skippedeven"><td rowspan="1">com.orangehrm.tests.DummyClass</td><td><a href="#m1">dummyTest</a></td><td rowspan="1">1768973757959</td><td rowspan="1">13</td></tr><tr><th colspan="4">OrangeHRMTest_edge &#8212; passed</th></tr><tr class="passedeven"><td rowspan="1">com.orangehrm.tests.DummyClass2</td><td><a href="#m2">dummyTest</a></td><td rowspan="1">1768973762670</td><td rowspan="1">12</td></tr></tbody>
<tbody id="t2"><tr><th colspan="4">OrangeHRMTest_firefox &#8212; failed</th></tr><tr class="failedeven"><td rowspan="1">com.orangehrm.tests.DBVerificationTest</td><td><a href="#m3">verifyEmployeeNameFromDB</a></td><td rowspan="1">1768973793609</td><td rowspan="1">10471</td></tr><tr class="failedodd"><td rowspan="1">com.orangehrm.tests.LoginPageTest</td><td><a href="#m4">verifyInvalidLogintest</a></td><td rowspan="1">1768973827893</td><td rowspan="1">2700</td></tr><tr><th colspan="4">OrangeHRMTest_firefox &#8212; retried</th></tr><tr class="retriedeven"><td rowspan="2">com.orangehrm.tests.DBVerificationTest</td><td><a href="#m5">verifyEmployeeNameFromDB</a></td><td rowspan="2">1768973777408</td><td rowspan="2">10073</td></tr><tr class="retriedeven"><td><a href="#m6">verifyEmployeeNameFromDB</a></td></tr><tr class="retriedodd"><td rowspan="2">com.orangehrm.tests.LoginPageTest</td><td><a href="#m7">verifyInvalidLogintest</a></td><td rowspan="2">1768973810479</td><td rowspan="2">2487</td></tr><tr class="retriedodd"><td><a href="#m8">verifyInvalidLogintest</a></td></tr><tr><th colspan="4">OrangeHRMTest_firefox &#8212; passed</th></tr><tr class="passedeven"><td rowspan="2">com.orangehrm.tests.HomePageTest</td><td><a href="#m9">verifyOrangeHRMLogo</a></td><td rowspan="2">1768973880565</td><td rowspan="2">4505</td></tr><tr class="passedeven"><td><a href="#m10">verifyOrangeHRMLogo</a></td></tr><tr class="passedodd"><td rowspan="2">com.orangehrm.tests.LoginPageTest</td><td><a href="#m11">verifyValidLoginTest</a></td><td rowspan="2">1768973837074</td><td rowspan="2">10288</td></tr><tr class="passedodd"><td><a href="#m12">verifyValidLoginTest</a></td></tr></tbody>
</table>
<h2>OrangeHRMTest_chrome</h2><h3 id="m0">com.orangehrm.tests.ApiTest#verifyGetUserAPI</h3><table class="result"><tr><th class="invisible"/></tr></table><p class="totop"><a href="#summary">back to summary</a></p>
<h2>OrangeHRMTest_edge</h2><h3 id="m1">com.orangehrm.tests.DummyClass#dummyTest</h3><table class="result"><tr><th>Exception</th></tr><tr><td><div class="stacktrace">org.testng.SkipException: Skipping the test as part of testing
	at com.orangehrm.tests.DummyClass.dummyTest(DummyClass.java:21)
	at java.base/java.util.ArrayList.forEach(ArrayList.java:1596)
	at java.base/java.util.concurrent.FutureTask.run(FutureTask.java:317)
	at java.base/java.util.concurrent.ThreadPoolExecutor.runWorker(ThreadPoolExecutor.java:1144)
	at java.base/java.util.concurrent.ThreadPoolExecutor$Worker.run(ThreadPoolExecutor.java:642)
	at java.base/java.lang.Thread.run(Thread.java:1583)
... Removed 15 stack frames</div></td></tr></table><p class="totop"><a href="#summary">back to summary</a></p>
<h3 id="m2">com.orangehrm.tests.DummyClass2#dummyTest</h3><table class="result"><tr><th class="invisible"/></tr></table><p class="totop"><a href="#summary">back to summary</a></p>
<h2>OrangeHRMTest_firefox</h2><h3 id="m3">com.orangehrm.tests.DBVerificationTest#verifyEmployeeNameFromDB</h3><table class="result"><tr class="param"><th>Parameter #1</th><th>Parameter #2</th></tr><tr class="param stripe"><td>2</td><td>Rahul</td></tr><tr><th colspan="2">Exception</th></tr><tr><td colspan="2"><div class="stacktrace">java.lang.AssertionError: The following asserts failed:
	First and Middle name are not matching expected [true] but found [false],
	expected [true] but found [false],
	First and Middle name are not matching expected [true] but found [false],
	expected [true] but found [false],
	First and Middle name are not matching expected [true] but found [false],
	expected [true] but found [false]
	at com.orangehrm.tests.DBVerificationTest.verifyEmployeeNameFromDB(DBVerificationTest.java:58)
	at java.base/java.util.ArrayList.forEach(ArrayList.java:1596)
	at java.base/java.util.concurrent.FutureTask.run(FutureTask.java:317)
	at java.base/java.util.concurrent.ThreadPoolExecutor.runWorker(ThreadPoolExecutor.java:1144)
	at java.base/java.util.concurrent.ThreadPoolExecutor$Worker.run(ThreadPoolExecutor.java:642)
	at java.base/java.lang.Thread.run(Thread.java:1583)
... Removed 17 stack frames</div></td></tr></table><p class="totop"><a href="#summary">back to summary</a></p>
<h3 id="m4">com.orangehrm.tests.LoginPageTest#verifyInvalidLogintest</h3><table class="result"><tr class="param"><th>Parameter #1</th><th>Parameter #2</th></tr><tr class="param stripe"><td>arpavani</td><td>wrongpass</td></tr><tr><th colspan="2">Exception</th></tr><tr><td colspan="2"><div class="stacktrace">java.lang.AssertionError: Test failed :Invalid Error message expected [true] but found [false]
	at com.orangehrm.tests.LoginPageTest.verifyInvalidLogintest(LoginPageTest.java:44)
	at java.base/java.util.ArrayList.forEach(ArrayList.java:1596)
	at java.base/java.util.concurrent.FutureTask.run(FutureTask.java:317)
	at java.base/java.util.concurrent.ThreadPoolExecutor.runWorker(ThreadPoolExecutor.java:1144)
	at java.base/java.util.concurrent.ThreadPoolExecutor$Worker.run(ThreadPoolExecutor.java:642)
	at java.base/java.lang.Thread.run(Thread.java:1583)
... Removed 18 stack frames</div></td></tr></table><p class="totop"><a href="#summary">back to summary</a></p>
<h3 id="m5">com.orangehrm.tests.DBVerificationTest#verifyEmployeeNameFromDB</h3><table class="result"><tr class="param"><th>Parameter #1</th><th>Parameter #2</th></tr><tr class="param stripe"><td>2</td><td>Rahul</td></tr><tr><th colspan="2">Exception</th></tr><tr><td colspan="2"><div class="stacktrace">java.lang.AssertionError: The following asserts failed:
	First and Middle name are not matching expected [true] but found [false],
	expected [true] but found [false],
	First and Middle name are not matching expected [true] but found [false],
	expected [true] but found [false]
	at com.orangehrm.tests.DBVerificationTest.verifyEmployeeNameFromDB(DBVerificationTest.java:58)
	at java.base/java.util.ArrayList.forEach(ArrayList.java:1596)
	at java.base/java.util.concurrent.FutureTask.run(FutureTask.java:317)
	at java.base/java.util.concurrent.ThreadPoolExecutor.runWorker(ThreadPoolExecutor.java:1144)
	at java.base/java.util.concurrent.ThreadPoolExecutor$Worker.run(ThreadPoolExecutor.java:642)
	at java.base/java.lang.Thread.run(Thread.java:1583)
... Removed 17 stack frames</div></td></tr></table><p class="totop"><a href="#summary">back to summary</a></p>
<h3 id="m6">com.orangehrm.tests.DBVerificationTest#verifyEmployeeNameFromDB</h3><table class="result"><tr class="param"><th>Parameter #1</th><th>Parameter #2</th></tr><tr class="param stripe"><td>2</td><td>Rahul</td></tr><tr><th colspan="2">Exception</th></tr><tr><td colspan="2"><div class="stacktrace">java.lang.AssertionError: The following asserts failed:
	First and Middle name are not matching expected [true] but found [false],
	expected [true] but found [false]
	at com.orangehrm.tests.DBVerificationTest.verifyEmployeeNameFromDB(DBVerificationTest.java:58)
	at java.base/java.util.ArrayList.forEach(ArrayList.java:1596)
	at java.base/java.util.concurrent.FutureTask.run(FutureTask.java:317)
	at java.base/java.util.concurrent.ThreadPoolExecutor.runWorker(ThreadPoolExecutor.java:1144)
	at java.base/java.util.concurrent.ThreadPoolExecutor$Worker.run(ThreadPoolExecutor.java:642)
	at java.base/java.lang.Thread.run(Thread.java:1583)
... Removed 17 stack frames</div></td></tr></table><p class="totop"><a href="#summary">back to summary</a></p>
<h3 id="m7">com.orangehrm.tests.LoginPageTest#verifyInvalidLogintest</h3><table class="result"><tr class="param"><th>Parameter #1</th><th>Parameter #2</th></tr><tr class="param stripe"><td>arpavani</td><td>wrongpass</td></tr><tr><th colspan="2">Exception</th></tr><tr><td colspan="2"><div class="stacktrace">java.lang.AssertionError: Test failed :Invalid Error message expected [true] but found [false]
	at com.orangehrm.tests.LoginPageTest.verifyInvalidLogintest(LoginPageTest.java:44)
	at java.base/java.util.ArrayList.forEach(ArrayList.java:1596)
	at java.base/java.util.concurrent.FutureTask.run(FutureTask.java:317)
	at java.base/java.util.concurrent.ThreadPoolExecutor.runWorker(ThreadPoolExecutor.java:1144)
	at java.base/java.util.concurrent.ThreadPoolExecutor$Worker.run(ThreadPoolExecutor.java:642)
	at java.base/java.lang.Thread.run(Thread.java:1583)
... Removed 18 stack frames</div></td></tr></table><p class="totop"><a href="#summary">back to summary</a></p>
<h3 id="m8">com.orangehrm.tests.LoginPageTest#verifyInvalidLogintest</h3><table class="result"><tr class="param"><th>Parameter #1</th><th>Parameter #2</th></tr><tr class="param stripe"><td>arpavani</td><td>wrongpass</td></tr><tr><th colspan="2">Exception</th></tr><tr><td colspan="2"><div class="stacktrace">java.lang.AssertionError: Test failed :Invalid Error message expected [true] but found [false]
	at com.orangehrm.tests.LoginPageTest.verifyInvalidLogintest(LoginPageTest.java:44)
	at java.base/java.util.ArrayList.forEach(ArrayList.java:1596)
	at java.base/java.util.concurrent.FutureTask.run(FutureTask.java:317)
	at java.base/java.util.concurrent.ThreadPoolExecutor.runWorker(ThreadPoolExecutor.java:1144)
	at java.base/java.util.concurrent.ThreadPoolExecutor$Worker.run(ThreadPoolExecutor.java:642)
	at java.base/java.lang.Thread.run(Thread.java:1583)
... Removed 18 stack frames</div></td></tr></table><p class="totop"><a href="#summary">back to summary</a></p>
<h3 id="m9">com.orangehrm.tests.HomePageTest#verifyOrangeHRMLogo</h3><table class="result"><tr class="param"><th>Parameter #1</th><th>Parameter #2</th></tr><tr class="param stripe"><td>arpavan</td><td>Stalin@2000</td></tr></table><p class="totop"><a href="#summary">back to summary</a></p>
<h3 id="m10">com.orangehrm.tests.HomePageTest#verifyOrangeHRMLogo</h3><table class="result"><tr class="param"><th>Parameter #1</th><th>Parameter #2</th></tr><tr class="param stripe"><td>arpavan</td><td>Stalin@2000</td></tr></table><p class="totop"><a href="#summary">back to summary</a></p>
<h3 id="m11">com.orangehrm.tests.LoginPageTest#verifyValidLoginTest</h3><table class="result"><tr class="param"><th>Parameter #1</th><th>Parameter #2</th></tr><tr class="param stripe"><td>arpavan</td><td>Stalin@2000</td></tr></table><p class="totop"><a href="#summary">back to summary</a></p>
<h3 id="m12">com.orangehrm.tests.LoginPageTest#verifyValidLoginTest</h3><table class="result"><tr class="param"><th>Parameter #1</th><th>Parameter #2</th></tr><tr class="param stripe"><td>arpavan</td><td>Stalin@2000</td></tr></table><p class="totop"><a href="#summary">back to summary</a></p>
</body>
</html>
