<?xml version="1.0" encoding="UTF-8"?>
<testng-results retried="2" ignored="0" total="11" passed="7" failed="1" skipped="1">
  <reporter-output>
  </reporter-output>
  <suite started-at="2026-01-19T11:33:46 IST" name="OrangeHRMSuite" finished-at="2026-01-19T11:34:55 IST" duration-ms="68469">
    <groups>
    </groups>
    <test started-at="2026-01-19T11:33:46 IST" name="OranegHRMTest" finished-at="2026-01-19T11:34:55 IST" duration-ms="68469">
      <class name="com.orangehrm.tests.LoginPageTest">
        <test-method is-config="true" signature="setup()[pri:0, instance:com.orangehrm.tests.LoginPageTest@19e4fcac]" started-at="2026-01-19T11:33:47 IST" name="setup" finished-at="2026-01-19T11:33:55 IST" duration-ms="7750" status="PASS">
          <reporter-output>
          </reporter-output>
        </test-method> <!-- setup -->
        <test-method is-config="true" signature="setupPages()[pri:0, instance:com.orangehrm.tests.LoginPageTest@19e4fcac]" started-at="2026-01-19T11:33:55 IST" name="setupPages" finished-at="2026-01-19T11:33:55 IST" duration-ms="2" status="PASS">
          <reporter-output>
          </reporter-output>
        </test-method> <!-- setupPages -->
        <test-method retried="true" signature="verifyInvalidLogintest(java.lang.String,java.lang.String)[pri:0, instance:com.orangehrm.tests.LoginPageTest@19e4fcac]" started-at="2026-01-19T11:33:55 IST" name="verifyInvalidLogintest" data-provider="invalidLoginData" finished-at="2026-01-19T11:34:01 IST" duration-ms="6242" status="SKIP">
          <params>
            <param index="0">
              <value>
                <![CDATA[arpavani]]>
              </value>
            </param>
            <param index="1">
              <value>
                <![CDATA[wrongpass]]>
              </value>
            </param>
          </params>
          <exception class="java.lang.AssertionError">
            <message>
              <![CDATA[Test failed :Invalid Error message expected [true] but found [false]]]>
            </message>
            <full-stacktrace>
              <![CDATA[java.lang.AssertionError: Test failed :Invalid Error message expected [true] but found [false]
at org.testng.Assert.fail(Assert.java:111)
at org.testng.Assert.failNotEquals(Assert.java:1590)
at org.testng.Assert.assertTrue(Assert.java:57)
at com.orangehrm.tests.LoginPageTest.verifyInvalidLogintest(LoginPageTest.java:44)
at java.base/jdk.internal.reflect.DirectMethodHandleAccessor.invoke(DirectMethodHandleAccessor.java:103)
at java.base/java.lang.reflect.Method.invoke(Method.java:580)
at org.testng.internal.invokers.MethodInvocationHelper.invokeMethod(MethodInvocationHelper.java:141)
at org.testng.internal.invokers.TestInvoker.invokeMethod(TestInvoker.java:687)
at org.testng.internal.invokers.TestInvoker.invokeTestMethod(TestInvoker.java:230)
at org.testng.internal.invokers.MethodRunner.runInSequence(MethodRunner.java:63)
at org.testng.internal.invokers.TestInvoker$MethodInvocationAgent.invoke(TestInvoker.java:995)
at org.testng.internal.invokers.TestInvoker.invokeTestMethods(TestInvoker.java:203)
at org.testng.internal.invokers.TestMethodWorker.invokeTestMethods(TestMethodWorker.java:154)
at org.testng.internal.invokers.TestMethodWorker.run(TestMethodWorker.java:134)
at java.base/java.util.concurrent.Executors$RunnableAdapter.call(Executors.java:572)
at java.base/java.util.concurrent.FutureTask.run(FutureTask.java:317)
at org.testng.internal.thread.graph.TestNGFutureTask.run(TestNGFutureTask.java:22)
at java.base/java.util.concurrent.ThreadPoolExecutor.runWorker(ThreadPoolExecutor.java:1144)
at java.base/java.util.concurrent.ThreadPoolExecutor$Worker.run(ThreadPoolExecutor.java:642)
at java.base/java.lang.Thread.run(Thread.java:1583)
]]>
            </full-stacktrace>
          </exception> <!-- java.lang.AssertionError -->
          <reporter-output>
          </reporter-output>
        </test-method> <!-- verifyInvalidLogintest -->
        <test-method is-config="true" signature="tearDown()[pri:0, instance:com.orangehrm.tests.LoginPageTest@19e4fcac]" started-at="2026-01-19T11:34:01 IST" name="tearDown" finished-at="2026-01-19T11:34:03 IST" duration-ms="2024" status="PASS">
          <reporter-output>
          </reporter-output>
        </test-method> <!-- tearDown -->
        <test-method is-config="true" signature="setup()[pri:0, instance:com.orangehrm.tests.LoginPageTest@19e4fcac]" started-at="2026-01-19T11:34:03 IST" name="setup" finished-at="2026-01-19T11:34:09 IST" duration-ms="5227" status="PASS">
          <reporter-output>
          </reporter-output>
        </test-method> <!-- setup -->
        <test-method retried="true" signature="verifyInvalidLogintest(java.lang.String,java.lang.String)[pri:0, instance:com.orangehrm.tests.LoginPageTest@19e4fcac]" started-at="2026-01-19T11:34:09 IST" name="verifyInvalidLogintest" data-provider="invalidLoginData" finished-at="2026-01-19T11:34:14 IST" duration-ms="5015" status="SKIP">
          <params>
            <param index="0">
              <value>
                <![CDATA[arpavani]]>
              </value>
            </param>
            <param index="1">
              <value>
                <![CDATA[wrongpass]]>
              </value>
            </param>
          </params>
          <exception class="java.lang.AssertionError">
            <message>
              <![CDATA[Test failed :Invalid Error message expected [true] but found [false]]]>
            </message>
            <full-stacktrace>
              <![CDATA[java.lang.AssertionError: Test failed :Invalid Error message expected [true] but found [false]
at org.testng.Assert.fail(Assert.java:111)
at org.testng.Assert.failNotEquals(Assert.java:1590)
at org.testng.Assert.assertTrue(Assert.java:57)
at com.orangehrm.tests.LoginPageTest.verifyInvalidLogintest(LoginPageTest.java:44)
at java.base/jdk.internal.reflect.DirectMethodHandleAccessor.invoke(DirectMethodHandleAccessor.java:103)
at java.base/java.lang.reflect.Method.invoke(Method.java:580)
at org.testng.internal.invokers.MethodInvocationHelper.invokeMethod(MethodInvocationHelper.java:141)
at org.testng.internal.invokers.TestInvoker.invokeMethod(TestInvoker.java:687)
at org.testng.internal.invokers.TestInvoker.retryFailed(TestInvoker.java:269)
at org.testng.internal.invokers.MethodRunner.runInSequence(MethodRunner.java:76)
at org.testng.internal.invokers.TestInvoker$MethodInvocationAgent.invoke(TestInvoker.java:995)
at org.testng.internal.invokers.TestInvoker.invokeTestMethods(TestInvoker.java:203)
at org.testng.internal.invokers.TestMethodWorker.invokeTestMethods(TestMethodWorker.java:154)
at org.testng.internal.invokers.TestMethodWorker.run(TestMethodWorker.java:134)
at java.base/java.util.concurrent.Executors$RunnableAdapter.call(Executors.java:572)
at java.base/java.util.concurrent.FutureTask.run(FutureTask.java:317)
at org.testng.internal.thread.graph.TestNGFutureTask.run(TestNGFutureTask.java:22)
at java.base/java.util.concurrent.ThreadPoolExecutor.runWorker(ThreadPoolExecutor.java:1144)
at java.base/java.util.concurrent.ThreadPoolExecutor$Worker.run(ThreadPoolExecutor.java:642)
at java.base/java.lang.Thread.run(Thread.java:1583)
]]>
            </full-stacktrace>
          </exception> <!-- java.lang.AssertionError -->
          <reporter-output>
          </reporter-output>
        </test-method> <!-- verifyInvalidLogintest -->
        <test-method is-config="true" signature="setupPages()[pri:0, instance:com.orangehrm.tests.LoginPageTest@19e4fcac]" started-at="2026-01-19T11:34:09 IST" name="setupPages" finished-at="2026-01-19T11:34:09 IST" duration-ms="0" status="PASS">
          <reporter-output>
          </reporter-output>
        </test-method> <!-- setupPages -->
        <test-method is-config="true" signature="tearDown()[pri:0, instance:com.orangehrm.tests.LoginPageTest@19e4fcac]" started-at="2026-01-19T11:34:14 IST" name="tearDown" finished-at="2026-01-19T11:34:14 IST" duration-ms="597" status="PASS">
          <reporter-output>
          </reporter-output>
        </test-method> <!-- tearDown -->
        <test-method is-config="true" signature="setup()[pri:0, instance:com.orangehrm.tests.LoginPageTest@19e4fcac]" started-at="2026-01-19T11:34:14 IST" name="setup" finished-at="2026-01-19T11:34:19 IST" duration-ms="5030" status="PASS">
          <reporter-output>
          </reporter-output>
        </test-method> <!-- setup -->
        <test-method is-config="true" signature="setupPages()[pri:0, instance:com.orangehrm.tests.LoginPageTest@19e4fcac]" started-at="2026-01-19T11:34:19 IST" name="setupPages" finished-at="2026-01-19T11:34:19 IST" duration-ms="3" status="PASS">
          <reporter-output>
          </reporter-output>
        </test-method> <!-- setupPages -->
        <test-method signature="verifyInvalidLogintest(java.lang.String,java.lang.String)[pri:0, instance:com.orangehrm.tests.LoginPageTest@19e4fcac]" started-at="2026-01-19T11:34:19 IST" name="verifyInvalidLogintest" data-provider="invalidLoginData" finished-at="2026-01-19T11:34:23 IST" duration-ms="3820" status="FAIL">
          <params>
            <param index="0">
              <value>
                <![CDATA[arpavani]]>
              </value>
            </param>
            <param index="1">
              <value>
                <![CDATA[wrongpass]]>
              </value>
            </param>
          </params>
          <exception class="java.lang.AssertionError">
            <message>
              <![CDATA[Test failed :Invalid Error message expected [true] but found [false]]]>
            </message>
            <full-stacktrace>
              <![CDATA[java.lang.AssertionError: Test failed :Invalid Error message expected [true] but found [false]
at org.testng.Assert.fail(Assert.java:111)
at org.testng.Assert.failNotEquals(Assert.java:1590)
at org.testng.Assert.assertTrue(Assert.java:57)
at com.orangehrm.tests.LoginPageTest.verifyInvalidLogintest(LoginPageTest.java:44)
at java.base/jdk.internal.reflect.DirectMethodHandleAccessor.invoke(DirectMethodHandleAccessor.java:103)
at java.base/java.lang.reflect.Method.invoke(Method.java:580)
at org.testng.internal.invokers.MethodInvocationHelper.invokeMethod(MethodInvocationHelper.java:141)
at org.testng.internal.invokers.TestInvoker.invokeMethod(TestInvoker.java:687)
at org.testng.internal.invokers.TestInvoker.retryFailed(TestInvoker.java:269)
at org.testng.internal.invokers.MethodRunner.runInSequence(MethodRunner.java:76)
at org.testng.internal.invokers.TestInvoker$MethodInvocationAgent.invoke(TestInvoker.java:995)
at org.testng.internal.invokers.TestInvoker.invokeTestMethods(TestInvoker.java:203)
at org.testng.internal.invokers.TestMethodWorker.invokeTestMethods(TestMethodWorker.java:154)
at org.testng.internal.invokers.TestMethodWorker.run(TestMethodWorker.java:134)
at java.base/java.util.concurrent.Executors$RunnableAdapter.call(Executors.java:572)
at java.base/java.util.concurrent.FutureTask.run(FutureTask.java:317)
at org.testng.internal.thread.graph.TestNGFutureTask.run(TestNGFutureTask.java:22)
at java.base/java.util.concurrent.ThreadPoolExecutor.runWorker(ThreadPoolExecutor.java:1144)
at java.base/java.util.concurrent.ThreadPoolExecutor$Worker.run(ThreadPoolExecutor.java:642)
at java.base/java.lang.Thread.run(Thread.java:1583)
]]>
            </full-stacktrace>
          </exception> <!-- java.lang.AssertionError -->
          <reporter-output>
          </reporter-output>
        </test-method> <!-- verifyInvalidLogintest -->
        <test-method is-config="true" signature="tearDown()[pri:0, instance:com.orangehrm.tests.LoginPageTest@19e4fcac]" started-at="2026-01-19T11:34:23 IST" name="tearDown" finished-at="2026-01-19T11:34:24 IST" duration-ms="396" status="PASS">
          <reporter-output>
          </reporter-output>
        </test-method> <!-- tearDown -->
        <test-method is-config="true" signature="setup()[pri:0, instance:com.orangehrm.tests.LoginPageTest@19e4fcac]" started-at="2026-01-19T11:34:24 IST" name="setup" finished-at="2026-01-19T11:34:28 IST" duration-ms="4290" status="PASS">
          <reporter-output>
          </reporter-output>
        </test-method> <!-- setup -->
        <test-method signature="verifyValidLoginTest(java.lang.String,java.lang.String)[pri:0, instance:com.orangehrm.tests.LoginPageTest@19e4fcac]" started-at="2026-01-19T11:34:28 IST" name="verifyValidLoginTest" data-provider="validLoginData" finished-at="2026-01-19T11:34:39 IST" duration-ms="11003" status="PASS">
          <params>
            <param index="0">
              <value>
                <![CDATA[arpavan]]>
              </value>
            </param>
            <param index="1">
              <value>
                <![CDATA[Stalin@2000]]>
              </value>
            </param>
          </params>
          <reporter-output>
          </reporter-output>
        </test-method> <!-- verifyValidLoginTest -->
        <test-method is-config="true" signature="setupPages()[pri:0, instance:com.orangehrm.tests.LoginPageTest@19e4fcac]" started-at="2026-01-19T11:34:28 IST" name="setupPages" finished-at="2026-01-19T11:34:28 IST" duration-ms="0" status="PASS">
          <reporter-output>
          </reporter-output>
        </test-method> <!-- setupPages -->
        <test-method is-config="true" signature="tearDown()[pri:0, instance:com.orangehrm.tests.LoginPageTest@19e4fcac]" started-at="2026-01-19T11:34:39 IST" name="tearDown" finished-at="2026-01-19T11:34:39 IST" duration-ms="354" status="PASS">
          <reporter-output>
          </reporter-output>
        </test-method> <!-- tearDown -->
        <test-method is-config="true" signature="setup()[pri:0, instance:com.orangehrm.tests.LoginPageTest@19e4fcac]" started-at="2026-01-19T11:34:39 IST" name="setup" finished-at="2026-01-19T11:34:44 IST" duration-ms="4280" status="PASS">
          <reporter-output>
          </reporter-output>
        </test-method> <!-- setup -->
        <test-method signature="verifyValidLoginTest(java.lang.String,java.lang.String)[pri:0, instance:com.orangehrm.tests.LoginPageTest@19e4fcac]" started-at="2026-01-19T11:34:44 IST" name="verifyValidLoginTest" data-provider="validLoginData" finished-at="2026-01-19T11:34:54 IST" duration-ms="10583" status="PASS">
          <params>
            <param index="0">
              <value>
                <![CDATA[arpavan]]>
              </value>
            </param>
            <param index="1">
              <value>
                <![CDATA[Stalin@2000]]>
              </value>
            </param>
          </params>
          <reporter-output>
          </reporter-output>
        </test-method> <!-- verifyValidLoginTest -->
        <test-method is-config="true" signature="setupPages()[pri:0, instance:com.orangehrm.tests.LoginPageTest@19e4fcac]" started-at="2026-01-19T11:34:44 IST" name="setupPages" finished-at="2026-01-19T11:34:44 IST" duration-ms="0" status="PASS">
          <reporter-output>
          </reporter-output>
        </test-method> <!-- setupPages -->
        <test-method is-config="true" signature="tearDown()[pri:0, instance:com.orangehrm.tests.LoginPageTest@19e4fcac]" started-at="2026-01-19T11:34:54 IST" name="tearDown" finished-at="2026-01-19T11:34:55 IST" duration-ms="369" status="PASS">
          <reporter-output>
          </reporter-output>
        </test-method> <!-- tearDown -->
      </class> <!-- com.orangehrm.tests.LoginPageTest -->
      <class name="com.orangehrm.tests.DBVerificationTest">
        <test-method is-config="true" signature="setup()[pri:0, instance:com.orangehrm.tests.DBVerificationTest@19b93fa8]" started-at="2026-01-19T11:33:47 IST" name="setup" finished-at="2026-01-19T11:33:56 IST" duration-ms="8620" status="PASS">
          <reporter-output>
          </reporter-output>
        </test-method> <!-- setup -->
        <test-method is-config="true" signature="setupPages()[pri:0, instance:com.orangehrm.tests.DBVerificationTest@19b93fa8]" started-at="2026-01-19T11:33:56 IST" name="setupPages" finished-at="2026-01-19T11:33:56 IST" duration-ms="3" status="PASS">
          <reporter-output>
          </reporter-output>
        </test-method> <!-- setupPages -->
        <test-method signature="verifyEmployeeNameFromDB(java.lang.String,java.lang.String)[pri:0, instance:com.orangehrm.tests.DBVerificationTest@19b93fa8]" started-at="2026-01-19T11:33:56 IST" name="verifyEmployeeNameFromDB" data-provider="empVerification" finished-at="2026-01-19T11:34:15 IST" duration-ms="19106" status="PASS">
          <params>
            <param index="0">
              <value>
                <![CDATA[2]]>
              </value>
            </param>
            <param index="1">
              <value>
                <![CDATA[Rahul]]>
              </value>
            </param>
          </params>
          <reporter-output>
          </reporter-output>
        </test-method> <!-- verifyEmployeeNameFromDB -->
        <test-method is-config="true" signature="tearDown()[pri:0, instance:com.orangehrm.tests.DBVerificationTest@19b93fa8]" started-at="2026-01-19T11:34:16 IST" name="tearDown" finished-at="2026-01-19T11:34:17 IST" duration-ms="1498" status="PASS">
          <reporter-output>
          </reporter-output>
        </test-method> <!-- tearDown -->
      </class> <!-- com.orangehrm.tests.DBVerificationTest -->
      <class name="com.orangehrm.tests.DummyClass">
        <test-method is-config="true" signature="loadConfig()[pri:0, instance:com.orangehrm.tests.DummyClass@3c7c886c]" started-at="2026-01-19T11:33:46 IST" name="loadConfig" finished-at="2026-01-19T11:33:46 IST" duration-ms="20" status="PASS">
          <reporter-output>
          </reporter-output>
        </test-method> <!-- loadConfig -->
        <test-method is-config="true" signature="setup()[pri:0, instance:com.orangehrm.tests.DummyClass@3c7c886c]" started-at="2026-01-19T11:33:47 IST" name="setup" finished-at="2026-01-19T11:33:54 IST" duration-ms="7365" status="PASS">
          <reporter-output>
          </reporter-output>
        </test-method> <!-- setup -->
        <test-method signature="dummyTest()[pri:0, instance:com.orangehrm.tests.DummyClass@3c7c886c]" started-at="2026-01-19T11:33:54 IST" name="dummyTest" finished-at="2026-01-19T11:33:54 IST" duration-ms="61" status="SKIP">
          <exception class="org.testng.SkipException">
            <message>
              <![CDATA[Skipping the test as part of testing]]>
            </message>
            <full-stacktrace>
              <![CDATA[org.testng.SkipException: Skipping the test as part of testing
at com.orangehrm.tests.DummyClass.dummyTest(DummyClass.java:21)
at java.base/jdk.internal.reflect.DirectMethodHandleAccessor.invoke(DirectMethodHandleAccessor.java:103)
at java.base/java.lang.reflect.Method.invoke(Method.java:580)
at org.testng.internal.invokers.MethodInvocationHelper.invokeMethod(MethodInvocationHelper.java:141)
at org.testng.internal.invokers.TestInvoker.invokeMethod(TestInvoker.java:687)
at org.testng.internal.invokers.TestInvoker.invokeTestMethod(TestInvoker.java:230)
at org.testng.internal.invokers.MethodRunner.runInSequence(MethodRunner.java:63)
at org.testng.internal.invokers.TestInvoker$MethodInvocationAgent.invoke(TestInvoker.java:995)
at org.testng.internal.invokers.TestInvoker.invokeTestMethods(TestInvoker.java:203)
at org.testng.internal.invokers.TestMethodWorker.invokeTestMethods(TestMethodWorker.java:154)
at org.testng.internal.invokers.TestMethodWorker.run(TestMethodWorker.java:134)
at java.base/java.util.concurrent.Executors$RunnableAdapter.call(Executors.java:572)
at java.base/java.util.concurrent.FutureTask.run(FutureTask.java:317)
at org.testng.internal.thread.graph.TestNGFutureTask.run(TestNGFutureTask.java:22)
at java.base/java.util.concurrent.ThreadPoolExecutor.runWorker(ThreadPoolExecutor.java:1144)
at java.base/java.util.concurrent.ThreadPoolExecutor$Worker.run(ThreadPoolExecutor.java:642)
at java.base/java.lang.Thread.run(Thread.java:1583)
]]>
            </full-stacktrace>
          </exception> <!-- org.testng.SkipException -->
          <reporter-output>
          </reporter-output>
        </test-method> <!-- dummyTest -->
        <test-method is-config="true" signature="tearDown()[pri:0, instance:com.orangehrm.tests.DummyClass@3c7c886c]" started-at="2026-01-19T11:33:54 IST" name="tearDown" finished-at="2026-01-19T11:33:55 IST" duration-ms="974" status="PASS">
          <reporter-output>
          </reporter-output>
        </test-method> <!-- tearDown -->
      </class> <!-- com.orangehrm.tests.DummyClass -->
      <class name="com.orangehrm.tests.ApiTest">
        <test-method signature="verifyGetUserAPI()[pri:0, instance:com.orangehrm.tests.ApiTest@7e6ef134]" started-at="2026-01-19T11:33:55 IST" name="verifyGetUserAPI" finished-at="2026-01-19T11:34:23 IST" duration-ms="28176" status="PASS">
          <reporter-output>
          </reporter-output>
        </test-method> <!-- verifyGetUserAPI -->
      </class> <!-- com.orangehrm.tests.ApiTest -->
      <class name="com.orangehrm.tests.DummyClass2">
        <test-method is-config="true" signature="setup()[pri:0, instance:com.orangehrm.tests.DummyClass2@34158c08]" started-at="2026-01-19T11:33:47 IST" name="setup" finished-at="2026-01-19T11:33:56 IST" duration-ms="9804" status="PASS">
          <reporter-output>
          </reporter-output>
        </test-method> <!-- setup -->
        <test-method signature="dummyTest()[pri:0, instance:com.orangehrm.tests.DummyClass2@34158c08]" started-at="2026-01-19T11:33:56 IST" name="dummyTest" finished-at="2026-01-19T11:33:56 IST" duration-ms="58" status="PASS">
          <reporter-output>
          </reporter-output>
        </test-method> <!-- dummyTest -->
        <test-method is-config="true" signature="tearDown()[pri:0, instance:com.orangehrm.tests.DummyClass2@34158c08]" started-at="2026-01-19T11:33:57 IST" name="tearDown" finished-at="2026-01-19T11:33:58 IST" duration-ms="1511" status="PASS">
          <reporter-output>
          </reporter-output>
        </test-method> <!-- tearDown -->
      </class> <!-- com.orangehrm.tests.DummyClass2 -->
      <class name="com.orangehrm.tests.HomePageTest">
        <test-method is-config="true" signature="setup()[pri:0, instance:com.orangehrm.tests.HomePageTest@12f9af83]" started-at="2026-01-19T11:33:47 IST" name="setup" finished-at="2026-01-19T11:33:54 IST" duration-ms="6524" status="PASS">
          <reporter-output>
          </reporter-output>
        </test-method> <!-- setup -->
        <test-method is-config="true" signature="setupPages()[pri:0, instance:com.orangehrm.tests.HomePageTest@12f9af83]" started-at="2026-01-19T11:33:54 IST" name="setupPages" finished-at="2026-01-19T11:33:54 IST" duration-ms="17" status="PASS">
          <reporter-output>
          </reporter-output>
        </test-method> <!-- setupPages -->
        <test-method signature="verifyOrangeHRMLogo(java.lang.String,java.lang.String)[pri:0, instance:com.orangehrm.tests.HomePageTest@12f9af83]" started-at="2026-01-19T11:33:54 IST" name="verifyOrangeHRMLogo" data-provider="validLoginData" finished-at="2026-01-19T11:34:03 IST" duration-ms="9271" status="PASS">
          <params>
            <param index="0">
              <value>
                <![CDATA[arpavan]]>
              </value>
            </param>
            <param index="1">
              <value>
                <![CDATA[Stalin@2000]]>
              </value>
            </param>
          </params>
          <reporter-output>
          </reporter-output>
        </test-method> <!-- verifyOrangeHRMLogo -->
        <test-method is-config="true" signature="tearDown()[pri:0, instance:com.orangehrm.tests.HomePageTest@12f9af83]" started-at="2026-01-19T11:34:03 IST" name="tearDown" finished-at="2026-01-19T11:34:05 IST" duration-ms="1164" status="PASS">
          <reporter-output>
          </reporter-output>
        </test-method> <!-- tearDown -->
        <test-method is-config="true" signature="setup()[pri:0, instance:com.orangehrm.tests.HomePageTest@12f9af83]" started-at="2026-01-19T11:34:05 IST" name="setup" finished-at="2026-01-19T11:34:10 IST" duration-ms="4965" status="PASS">
          <reporter-output>
          </reporter-output>
        </test-method> <!-- setup -->
        <test-method is-config="true" signature="setupPages()[pri:0, instance:com.orangehrm.tests.HomePageTest@12f9af83]" started-at="2026-01-19T11:34:10 IST" name="setupPages" finished-at="2026-01-19T11:34:10 IST" duration-ms="2" status="PASS">
          <reporter-output>
          </reporter-output>
        </test-method> <!-- setupPages -->
        <test-method signature="verifyOrangeHRMLogo(java.lang.String,java.lang.String)[pri:0, instance:com.orangehrm.tests.HomePageTest@12f9af83]" started-at="2026-01-19T11:34:10 IST" name="verifyOrangeHRMLogo" data-provider="validLoginData" finished-at="2026-01-19T11:34:17 IST" duration-ms="7031" status="PASS">
          <params>
            <param index="0">
              <value>
                <![CDATA[arpavan]]>
              </value>
            </param>
            <param index="1">
              <value>
                <![CDATA[Stalin@2000]]>
              </value>
            </param>
          </params>
          <reporter-output>
          </reporter-output>
        </test-method> <!-- verifyOrangeHRMLogo -->
        <test-method is-config="true" signature="tearDown()[pri:0, instance:com.orangehrm.tests.HomePageTest@12f9af83]" started-at="2026-01-19T11:34:17 IST" name="tearDown" finished-at="2026-01-19T11:34:18 IST" duration-ms="558" status="PASS">
          <reporter-output>
          </reporter-output>
        </test-method> <!-- tearDown -->
      </class> <!-- com.orangehrm.tests.HomePageTest -->
    </test> <!-- OranegHRMTest -->
  </suite> <!-- OrangeHRMSuite -->
</testng-results>
