<?xml version="1.0" encoding="UTF-8"?>
<!-- Generated by org.testng.reporters.JUnitReportReporter -->
<testsuite hostname="VinayPavan" failures="1" tests="3" name="com.orangehrm.tests.DBVerificationTest" time="51.485" errors="0" timestamp="2026-01-21T11:08:06 IST" skipped="2">
  <testcase classname="com.orangehrm.tests.DBVerificationTest" name="verifyEmployeeNameFromDB" time="17.959">
    <failure message="The following asserts failed:
	First and Middle name are not matching expected [true] but found [false],
	expected [true] but found [false],
	First and Middle name are not matching expected [true] but found [false],
	expected [true] but found [false],
	First and Middle name are not matching expected [true] but found [false],
	expected [true] but found [false]" type="java.lang.AssertionError">
      <![CDATA[java.lang.AssertionError: The following asserts failed:
First and Middle name are not matching expected [true] but found [false],
expected [true] but found [false],
First and Middle name are not matching expected [true] but found [false],
expected [true] but found [false],
First and Middle name are not matching expected [true] but found [false],
expected [true] but found [false]
at org.testng.asserts.SoftAssert.assertAll(SoftAssert.java:46)
at org.testng.asserts.SoftAssert.assertAll(SoftAssert.java:30)
at com.orangehrm.tests.DBVerificationTest.verifyEmployeeNameFromDB(DBVerificationTest.java:58)
at java.base/jdk.internal.reflect.DirectMethodHandleAccessor.invoke(DirectMethodHandleAccessor.java:103)
at java.base/java.lang.reflect.Method.invoke(Method.java:580)
at org.testng.internal.invokers.MethodInvocationHelper.invokeMethod(MethodInvocationHelper.java:141)
at org.testng.internal.invokers.TestInvoker.invokeMethod(TestInvoker.java:687)
at org.testng.internal.invokers.TestInvoker.retryFailed(TestInvoker.java:269)
at org.testng.internal.invokers.MethodRunner.runInSequence(MethodRunner.java:76)
at org.testng.internal.invokers.TestInvoker$MethodInvocationAgent.invoke(TestInvoker.java:995)
at org.testng.internal.invokers.TestInvoker.invokeTestMethods(TestInvoker.java:203)
at org.testng.internal.invokers.TestMethodWorker.invokeTestMethods(TestMethodWorker.java:154)
at org.testng.internal.invokers.TestMethodWorker.run(TestMethodWorker.java:134)
at java.base/java.util.ArrayList.forEach(ArrayList.java:1596)
at org.testng.TestRunner.privateRun(TestRunner.java:741)
at org.testng.TestRunner.run(TestRunner.java:616)
at org.testng.SuiteRunner.runTest(SuiteRunner.java:421)
at org.testng.SuiteRunner$SuiteWorker.run(SuiteRunner.java:463)
at org.testng.internal.thread.ThreadUtil.lambda$execute$0(ThreadUtil.java:64)
at java.base/java.util.concurrent.FutureTask.run(FutureTask.java:317)
at java.base/java.util.concurrent.ThreadPoolExecutor.runWorker(ThreadPoolExecutor.java:1144)
at java.base/java.util.concurrent.ThreadPoolExecutor$Worker.run(ThreadPoolExecutor.java:642)
at java.base/java.lang.Thread.run(Thread.java:1583)
]]>
    </failure>
  </testcase> <!-- verifyEmployeeNameFromDB -->
  <testcase classname="com.orangehrm.tests.DBVerificationTest" name="verifyEmployeeNameFromDB" time="16.359">
    <skipped/>
  </testcase> <!-- verifyEmployeeNameFromDB -->
  <testcase classname="com.orangehrm.tests.DBVerificationTest" name="verifyEmployeeNameFromDB" time="17.167">
    <skipped/>
  </testcase> <!-- verifyEmployeeNameFromDB -->
</testsuite> <!-- com.orangehrm.tests.DBVerificationTest -->
