<?xml version="1.0" encoding="UTF-8"?>
<!-- Generated by org.testng.reporters.JUnitReportReporter -->
<testsuite hostname="VinayPavan" failures="0" tests="2" name="com.orangehrm.tests.HomePageTest" time="21.112" errors="0" timestamp="2026-01-21T11:08:06 IST" skipped="0">
  <testcase classname="com.orangehrm.tests.HomePageTest" name="verifyOrangeHRMLogo" time="10.567"/>
  <testcase classname="com.orangehrm.tests.HomePageTest" name="verifyOrangeHRMLogo" time="10.545"/>
</testsuite> <!-- com.orangehrm.tests.HomePageTest -->
