<?xml version="1.0" encoding="UTF-8"?>
<!-- Generated by org.testng.reporters.JUnitReportReporter -->
<testsuite hostname="VinayPavan" failures="0" tests="2" name="com.orangehrm.tests.HomePageTest" time="29.532" errors="0" timestamp="2026-01-19T11:34:55 IST" skipped="0">
  <testcase classname="com.orangehrm.tests.HomePageTest" name="verifyOrangeHRMLogo" time="14.736"/>
  <testcase classname="com.orangehrm.tests.HomePageTest" name="verifyOrangeHRMLogo" time="14.796"/>
</testsuite> <!-- com.orangehrm.tests.HomePageTest -->
