<?xml version="1.0" encoding="UTF-8"?>
<!-- Generated by org.testng.reporters.JUnitReportReporter -->
<testsuite hostname="VinayPavan" failures="1" tests="5" name="com.orangehrm.tests.LoginPageTest" time="66.985" errors="0" timestamp="2026-01-19T11:34:55 IST" skipped="2">
  <testcase classname="com.orangehrm.tests.LoginPageTest" name="verifyValidLoginTest" time="19.124"/>
  <testcase classname="com.orangehrm.tests.LoginPageTest" name="verifyInvalidLogintest" time="8.707">
    <failure message="Test failed :Invalid Error message expected [true] but found [false]" type="java.lang.AssertionError">
      <![CDATA[java.lang.AssertionError: Test failed :Invalid Error message expected [true] but found [false]
at org.testng.Assert.fail(Assert.java:111)
at org.testng.Assert.failNotEquals(Assert.java:1590)
at org.testng.Assert.assertTrue(Assert.java:57)
at com.orangehrm.tests.LoginPageTest.verifyInvalidLogintest(LoginPageTest.java:44)
at java.base/jdk.internal.reflect.DirectMethodHandleAccessor.invoke(DirectMethodHandleAccessor.java:103)
at java.base/java.lang.reflect.Method.invoke(Method.java:580)
at org.testng.internal.invokers.MethodInvocationHelper.invokeMethod(MethodInvocationHelper.java:141)
at org.testng.internal.invokers.TestInvoker.invokeMethod(TestInvoker.java:687)
at org.testng.internal.invokers.TestInvoker.retryFailed(TestInvoker.java:269)
at org.testng.internal.invokers.MethodRunner.runInSequence(MethodRunner.java:76)
at org.testng.internal.invokers.TestInvoker$MethodInvocationAgent.invoke(TestInvoker.java:995)
at org.testng.internal.invokers.TestInvoker.invokeTestMethods(TestInvoker.java:203)
at org.testng.internal.invokers.TestMethodWorker.invokeTestMethods(TestMethodWorker.java:154)
at org.testng.internal.invokers.TestMethodWorker.run(TestMethodWorker.java:134)
at java.base/java.util.concurrent.Executors$RunnableAdapter.call(Executors.java:572)
at java.base/java.util.concurrent.FutureTask.run(FutureTask.java:317)
at org.testng.internal.thread.graph.TestNGFutureTask.run(TestNGFutureTask.java:22)
at java.base/java.util.concurrent.ThreadPoolExecutor.runWorker(ThreadPoolExecutor.java:1144)
at java.base/java.util.concurrent.ThreadPoolExecutor$Worker.run(ThreadPoolExecutor.java:642)
at java.base/java.lang.Thread.run(Thread.java:1583)
]]>
    </failure>
  </testcase> <!-- verifyInvalidLogintest -->
  <testcase classname="com.orangehrm.tests.LoginPageTest" name="verifyInvalidLogintest" time="12.072">
    <skipped/>
  </testcase> <!-- verifyInvalidLogintest -->
  <testcase classname="com.orangehrm.tests.LoginPageTest" name="verifyValidLoginTest" time="16.164"/>
  <testcase classname="com.orangehrm.tests.LoginPageTest" name="verifyInvalidLogintest" time="10.918">
    <skipped/>
  </testcase> <!-- verifyInvalidLogintest -->
</testsuite> <!-- com.orangehrm.tests.LoginPageTest -->
