<?xml version="1.0" encoding="UTF-8"?>
<!-- Generated by org.testng.reporters.JUnitReportReporter -->
<testsuite hostname="VinayPavan" failures="0" tests="2" name="com.orangehrm.tests.HomePageTest" time="28.581" errors="0" timestamp="2026-01-19T11:54:48 IST" skipped="0">
  <testcase classname="com.orangehrm.tests.HomePageTest" name="verifyOrangeHRMLogo" time="17.190"/>
  <testcase classname="com.orangehrm.tests.HomePageTest" name="verifyOrangeHRMLogo" time="11.391"/>
</testsuite> <!-- com.orangehrm.tests.HomePageTest -->
