<?xml version="1.0" encoding="UTF-8"?>
<!-- Generated by org.testng.reporters.JUnitReportReporter -->
<testsuite hostname="VinayPavan" failures="0" tests="3" name="com.orangehrm.tests.LoginPageTest" time="47.607" errors="0" timestamp="2026-01-19T11:54:48 IST" skipped="0">
  <testcase classname="com.orangehrm.tests.LoginPageTest" name="verifyValidLoginTest" time="20.146"/>
  <testcase classname="com.orangehrm.tests.LoginPageTest" name="verifyInvalidLogintest" time="10.751"/>
  <testcase classname="com.orangehrm.tests.LoginPageTest" name="verifyValidLoginTest" time="16.710"/>
</testsuite> <!-- com.orangehrm.tests.LoginPageTest -->
